# JRE version: OpenJDK Runtime Environment Temurin-17.0.19+10 (17.0.19+10) (build 17.0.19+10)
# Java VM: OpenJDK 64-Bit Server VM Temurin-17.0.19+10 (17.0.19+10, mixed mode, sharing, tiered, compressed oops, compressed class ptrs, g1 gc, linux-amd64)
GC Precious Log:
 CPUs: 20 total, 20 available
 Memory: 15697M
 Large Page Support: Disabled
 NUMA Support: Disabled
 Compressed Oops: Enabled (32-bit)
 Heap Region Size: 1M
 Heap Min Capacity: 64M
 Heap Initial Capacity: 64M
 Heap Max Capacity: 64M
 Pre-touch: Disabled
 Parallel Workers: 15
 Concurrent Workers: 4
 Concurrent Refinement Workers: 15
 Periodic GC: Disabled
Heap:
 garbage-first heap   total 65536K, used 27278K [0x00000000fc000000, 0x0000000100000000)
  region size 1024K, 18 young (18432K), 5 survivors (5120K)
 Metaspace       used 17024K, committed 17280K, reserved 1114112K
  class space    used 2084K, committed 2176K, reserved 1048576K
GC Heap History (6 events):
Event: 236.657 GC heap before
{Heap before GC invocations=0 (full 0):
 garbage-first heap   total 65536K, used 24500K [0x00000000fc000000, 0x0000000100000000)
  region size 1024K, 23 young (23552K), 0 survivors (0K)
 Metaspace       used 8725K, committed 8896K, reserved 1114112K
  class space    used 929K, committed 1024K, reserved 1048576K
}
Event: 236.666 GC heap after
{Heap after GC invocations=1 (full 0):
 garbage-first heap   total 65536K, used 4344K [0x00000000fc000000, 0x0000000100000000)
  region size 1024K, 3 young (3072K), 3 survivors (3072K)
 Metaspace       used 8725K, committed 8896K, reserved 1114112K
  class space    used 929K, committed 1024K, reserved 1048576K
}
Event: 473.810 GC heap before
{Heap before GC invocations=1 (full 0):
 garbage-first heap   total 65536K, used 34040K [0x00000000fc000000, 0x0000000100000000)
  region size 1024K, 32 young (32768K), 3 survivors (3072K)
 Metaspace       used 9567K, committed 9792K, reserved 1114112K
  class space    used 1006K, committed 1088K, reserved 1048576K
}
Event: 473.817 GC heap after
{Heap after GC invocations=2 (full 0):
 garbage-first heap   total 65536K, used 5633K [0x00000000fc000000, 0x0000000100000000)
  region size 1024K, 2 young (2048K), 2 survivors (2048K)
 Metaspace       used 9567K, committed 9792K, reserved 1114112K
  class space    used 1006K, committed 1088K, reserved 1048576K
}
Event: 475.415 GC heap before
{Heap before GC invocations=2 (full 0):
 garbage-first heap   total 65536K, used 45569K [0x00000000fc000000, 0x0000000100000000)
  region size 1024K, 38 young (38912K), 2 survivors (2048K)
 Metaspace       used 16390K, committed 16576K, reserved 1114112K
  class space    used 2022K, committed 2112K, reserved 1048576K
}
Event: 475.421 GC heap after
{Heap after GC invocations=3 (full 0):
 garbage-first heap   total 65536K, used 14990K [0x00000000fc000000, 0x0000000100000000)
  region size 1024K, 5 young (5120K), 5 survivors (5120K)
 Metaspace       used 16390K, committed 16576K, reserved 1114112K
  class space    used 2022K, committed 2112K, reserved 1048576K
}

